0 11 	: 1   3   5   6   8   9   12   13   17   18   19
1 20 	: 0   1   2   3   4   5   6   7   8   9   10   11   12   13   14   15   16   17   18   19
2 2 	: 8   12
3 17 	: 0   1   2   3   4   5   6   8   9   10   12   13   15   16   17   18   19
4 16 	: 0   1   2   3   4   5   6   8   9   10   12   13   15   17   18   19
5 13 	: 1   2   3   4   5   6   8   9   12   13   17   18   19
6 8 	: 6   8   9   12   13   17   18   19
7 5 	: 8   9   12   13   18
8 15 	: 0   1   2   3   4   5   6   8   9   10   12   13   17   18   19
9 19 	: 0   1   2   3   4   5   6   7   8   9   10   11   12   13   15   16   17   18   19
10 9 	: 5   6   8   9   12   13   17   18   19
11 1 	: 12
12 18 	: 0   1   2   3   4   5   6   8   9   10   11   12   13   15   16   17   18   19
13 4 	: 8   9   12   18
14 12 	: 1   3   4   5   6   8   9   12   13   17   18   19
15 14 	: 0   1   2   3   4   5   6   8   9   12   13   17   18   19
16 6 	: 6   8   9   12   13   18
17 10 	: 1   5   6   8   9   12   13   17   18   19
18 3 	: 8   9   12
19 7 	: 6   8   9   12   13   17   18